0 info it worked if it ends with ok
1 verbose cli [ '/usr/local/Cellar/node/5.10.0/bin/node',
1 verbose cli   '/usr/local/bin/npm',
1 verbose cli   'run',
1 verbose cli   'start' ]
2 info using npm@3.8.3
3 info using node@v5.10.0
4 verbose run-script [ 'prestart', 'start', 'poststart' ]
5 info lifecycle @0.0.1~prestart: @0.0.1
6 silly lifecycle @0.0.1~prestart: no script for prestart, continuing
7 info lifecycle @0.0.1~start: @0.0.1
8 verbose lifecycle @0.0.1~start: unsafe-perm in lifecycle true
9 verbose lifecycle @0.0.1~start: PATH: /usr/local/lib/node_modules/npm/bin/node-gyp-bin:/Users/guigou/Papero/Code/projects/surprise-project-server/node_modules/.bin:/usr/local/Cellar/node/5.10.0/bin:/usr/local/bin/emsdk_portable:/usr/local/bin/emsdk_portable/clang/e1.35.0_64bit:/usr/local/bin/emsdk_portable/emscripten/1.35.0:/usr/local/heroku/bin:/Users/guigou/Library/Android/sdk/platform-tools:/Users/guigou/Library/Android/sdk/tools:/Developer/NVIDIA/CUDA-7.5/bin:/Applications/Postgres.app/Contents/Versions/9.4/bin:/usr/local/php5-5.5.11-20140408-141340/bin/:/Users/guigou/anaconda/bin:/opt/local/bin:/opt/local/sbin:~/Desktop/Papero/phabricator/arcanist/bin:/usr/local/bin:/usr/local/mysql/bin:/Users/guigou/.rvm/gems/ruby-2.2.3/bin:/Users/guigou/.rvm/gems/ruby-2.2.3@global/bin:/Users/guigou/.rvm/rubies/ruby-2.2.3/bin:/usr/bin:/bin:/usr/sbin:/sbin:/opt/X11/bin:/usr/local/git/bin:/usr/texbin:/Users/guigou/.rvm/bin:/Users/guigou/Applications/AWS-ElasticBeanstalk-CLI-2.6.4/eb/macosx/python2.7/eb:/usr/local/share/npm/bin:/usr/local:/usr/local/sbin:/usr/X11/bin:/Users/guigou/go/bin:/Users/guigou/Papero/Code/projects/Bento4/cmakebuild
10 verbose lifecycle @0.0.1~start: CWD: /Users/guigou/Papero/Code/projects/surprise-project-server
11 silly lifecycle @0.0.1~start: Args: [ '-c',
11 silly lifecycle   'node --harmony-destructuring --harmony_default_parameters --max-old-space-size=1024 index.js' ]
12 silly lifecycle @0.0.1~start: Returned: code: 1  signal: null
13 info lifecycle @0.0.1~start: Failed to exec start script
14 verbose stack Error: @0.0.1 start: `node --harmony-destructuring --harmony_default_parameters --max-old-space-size=1024 index.js`
14 verbose stack Exit status 1
14 verbose stack     at EventEmitter.<anonymous> (/usr/local/lib/node_modules/npm/lib/utils/lifecycle.js:239:16)
14 verbose stack     at emitTwo (events.js:100:13)
14 verbose stack     at EventEmitter.emit (events.js:185:7)
14 verbose stack     at ChildProcess.<anonymous> (/usr/local/lib/node_modules/npm/lib/utils/spawn.js:24:14)
14 verbose stack     at emitTwo (events.js:100:13)
14 verbose stack     at ChildProcess.emit (events.js:185:7)
14 verbose stack     at maybeClose (internal/child_process.js:850:16)
14 verbose stack     at Process.ChildProcess._handle.onexit (internal/child_process.js:215:5)
15 verbose pkgid @0.0.1
16 verbose cwd /Users/guigou/Papero/Code/projects/surprise-project-server
17 error Darwin 15.5.0
18 error argv "/usr/local/Cellar/node/5.10.0/bin/node" "/usr/local/bin/npm" "run" "start"
19 error node v5.10.0
20 error npm  v3.8.3
21 error code ELIFECYCLE
22 error @0.0.1 start: `node --harmony-destructuring --harmony_default_parameters --max-old-space-size=1024 index.js`
22 error Exit status 1
23 error Failed at the @0.0.1 start script 'node --harmony-destructuring --harmony_default_parameters --max-old-space-size=1024 index.js'.
23 error Make sure you have the latest version of node.js and npm installed.
23 error If you do, this is most likely a problem with the  package,
23 error not with npm itself.
23 error Tell the author that this fails on your system:
23 error     node --harmony-destructuring --harmony_default_parameters --max-old-space-size=1024 index.js
23 error You can get information on how to open an issue for this project with:
23 error     npm bugs
23 error Or if that isn't available, you can get their info via:
23 error     npm owner ls
23 error There is likely additional logging output above.
24 verbose exit [ 1, true ]
